Analysis & Synthesis report for VHDL_Final_Project
Thu Jan 18 11:00:15 2024
Quartus Prime Version 20.1.1 Build 720 11/11/2020 SJ Lite Edition


---------------------
; Table of Contents ;
---------------------
  1. Legal Notice
  2. Analysis & Synthesis Summary
  3. Analysis & Synthesis Settings
  4. Parallel Compilation
  5. Analysis & Synthesis Source Files Read
  6. Analysis & Synthesis Resource Usage Summary
  7. Analysis & Synthesis Resource Utilization by Entity
  8. State Machine - |mouse_control|ctrl_unit:Control_Unit|pres_s
  9. Registers Removed During Synthesis
 10. General Register Statistics
 11. Inverted Register Statistics
 12. Multiplexer Restructuring Statistics (Restructuring Performed)
 13. Post-Synthesis Netlist Statistics for Top Partition
 14. Elapsed Time Per Partition
 15. Analysis & Synthesis Messages
 16. Analysis & Synthesis Suppressed Messages



----------------
; Legal Notice ;
----------------
Copyright (C) 2020  Intel Corporation. All rights reserved.
Your use of Intel Corporation's design tools, logic functions 
and other software and tools, and any partner logic 
functions, and any output files from any of the foregoing 
(including device programming or simulation files), and any 
associated documentation or information are expressly subject 
to the terms and conditions of the Intel Program License 
Subscription Agreement, the Intel Quartus Prime License Agreement,
the Intel FPGA IP License Agreement, or other applicable license
agreement, including, without limitation, that your use is for
the sole purpose of programming logic devices manufactured by
Intel and sold by Intel or its authorized distributors.  Please
refer to the applicable agreement for further details, at
https://fpgasoftware.intel.com/eula.



+----------------------------------------------------------------------------------+
; Analysis & Synthesis Summary                                                     ;
+------------------------------------+---------------------------------------------+
; Analysis & Synthesis Status        ; Successful - Thu Jan 18 11:00:15 2024       ;
; Quartus Prime Version              ; 20.1.1 Build 720 11/11/2020 SJ Lite Edition ;
; Revision Name                      ; VHDL_Final_Project                          ;
; Top-level Entity Name              ; mouse_control                               ;
; Family                             ; Cyclone IV E                                ;
; Total logic elements               ; 126                                         ;
;     Total combinational functions  ; 76                                          ;
;     Dedicated logic registers      ; 109                                         ;
; Total registers                    ; 109                                         ;
; Total pins                         ; 23                                          ;
; Total virtual pins                 ; 0                                           ;
; Total memory bits                  ; 0                                           ;
; Embedded Multiplier 9-bit elements ; 0                                           ;
; Total PLLs                         ; 0                                           ;
+------------------------------------+---------------------------------------------+


+------------------------------------------------------------------------------------------------------------+
; Analysis & Synthesis Settings                                                                              ;
+------------------------------------------------------------------+--------------------+--------------------+
; Option                                                           ; Setting            ; Default Value      ;
+------------------------------------------------------------------+--------------------+--------------------+
; Device                                                           ; EP4CE115F29I7      ;                    ;
; Top-level entity name                                            ; mouse_control      ; VHDL_Final_Project ;
; Family name                                                      ; Cyclone IV E       ; Cyclone V          ;
; VHDL Show LMF Mapping Messages                                   ; Off                ;                    ;
; VHDL Version                                                     ; VHDL_2008          ; VHDL_1993          ;
; Use smart compilation                                            ; Off                ; Off                ;
; Enable parallel Assembler and Timing Analyzer during compilation ; On                 ; On                 ;
; Enable compact report table                                      ; Off                ; Off                ;
; Restructure Multiplexers                                         ; Auto               ; Auto               ;
; Create Debugging Nodes for IP Cores                              ; Off                ; Off                ;
; Preserve fewer node names                                        ; On                 ; On                 ;
; Intel FPGA IP Evaluation Mode                                    ; Enable             ; Enable             ;
; Verilog Version                                                  ; Verilog_2001       ; Verilog_2001       ;
; State Machine Processing                                         ; Auto               ; Auto               ;
; Safe State Machine                                               ; Off                ; Off                ;
; Extract Verilog State Machines                                   ; On                 ; On                 ;
; Extract VHDL State Machines                                      ; On                 ; On                 ;
; Ignore Verilog initial constructs                                ; Off                ; Off                ;
; Iteration limit for constant Verilog loops                       ; 5000               ; 5000               ;
; Iteration limit for non-constant Verilog loops                   ; 250                ; 250                ;
; Add Pass-Through Logic to Inferred RAMs                          ; On                 ; On                 ;
; Infer RAMs from Raw Logic                                        ; On                 ; On                 ;
; Parallel Synthesis                                               ; On                 ; On                 ;
; DSP Block Balancing                                              ; Auto               ; Auto               ;
; NOT Gate Push-Back                                               ; On                 ; On                 ;
; Power-Up Don't Care                                              ; On                 ; On                 ;
; Remove Redundant Logic Cells                                     ; Off                ; Off                ;
; Remove Duplicate Registers                                       ; On                 ; On                 ;
; Ignore CARRY Buffers                                             ; Off                ; Off                ;
; Ignore CASCADE Buffers                                           ; Off                ; Off                ;
; Ignore GLOBAL Buffers                                            ; Off                ; Off                ;
; Ignore ROW GLOBAL Buffers                                        ; Off                ; Off                ;
; Ignore LCELL Buffers                                             ; Off                ; Off                ;
; Ignore SOFT Buffers                                              ; On                 ; On                 ;
; Limit AHDL Integers to 32 Bits                                   ; Off                ; Off                ;
; Optimization Technique                                           ; Balanced           ; Balanced           ;
; Carry Chain Length                                               ; 70                 ; 70                 ;
; Auto Carry Chains                                                ; On                 ; On                 ;
; Auto Open-Drain Pins                                             ; On                 ; On                 ;
; Perform WYSIWYG Primitive Resynthesis                            ; Off                ; Off                ;
; Auto ROM Replacement                                             ; On                 ; On                 ;
; Auto RAM Replacement                                             ; On                 ; On                 ;
; Auto DSP Block Replacement                                       ; On                 ; On                 ;
; Auto Shift Register Replacement                                  ; Auto               ; Auto               ;
; Allow Shift Register Merging across Hierarchies                  ; Auto               ; Auto               ;
; Auto Clock Enable Replacement                                    ; On                 ; On                 ;
; Strict RAM Replacement                                           ; Off                ; Off                ;
; Allow Synchronous Control Signals                                ; On                 ; On                 ;
; Force Use of Synchronous Clear Signals                           ; Off                ; Off                ;
; Auto RAM Block Balancing                                         ; On                 ; On                 ;
; Auto RAM to Logic Cell Conversion                                ; Off                ; Off                ;
; Auto Resource Sharing                                            ; Off                ; Off                ;
; Allow Any RAM Size For Recognition                               ; Off                ; Off                ;
; Allow Any ROM Size For Recognition                               ; Off                ; Off                ;
; Allow Any Shift Register Size For Recognition                    ; Off                ; Off                ;
; Use LogicLock Constraints during Resource Balancing              ; On                 ; On                 ;
; Ignore translate_off and synthesis_off directives                ; Off                ; Off                ;
; Timing-Driven Synthesis                                          ; On                 ; On                 ;
; Report Parameter Settings                                        ; On                 ; On                 ;
; Report Source Assignments                                        ; On                 ; On                 ;
; Report Connectivity Checks                                       ; On                 ; On                 ;
; Ignore Maximum Fan-Out Assignments                               ; Off                ; Off                ;
; Synchronization Register Chain Length                            ; 2                  ; 2                  ;
; Power Optimization During Synthesis                              ; Normal compilation ; Normal compilation ;
; HDL message level                                                ; Level2             ; Level2             ;
; Suppress Register Optimization Related Messages                  ; Off                ; Off                ;
; Number of Removed Registers Reported in Synthesis Report         ; 5000               ; 5000               ;
; Number of Swept Nodes Reported in Synthesis Report               ; 5000               ; 5000               ;
; Number of Inverted Registers Reported in Synthesis Report        ; 100                ; 100                ;
; Clock MUX Protection                                             ; On                 ; On                 ;
; Auto Gated Clock Conversion                                      ; Off                ; Off                ;
; Block Design Naming                                              ; Auto               ; Auto               ;
; SDC constraint protection                                        ; Off                ; Off                ;
; Synthesis Effort                                                 ; Auto               ; Auto               ;
; Shift Register Replacement - Allow Asynchronous Clear Signal     ; On                 ; On                 ;
; Pre-Mapping Resynthesis Optimization                             ; Off                ; Off                ;
; Analysis & Synthesis Message Level                               ; Medium             ; Medium             ;
; Disable Register Merging Across Hierarchies                      ; Auto               ; Auto               ;
; Resource Aware Inference For Block RAM                           ; On                 ; On                 ;
+------------------------------------------------------------------+--------------------+--------------------+


+------------------------------------------+
; Parallel Compilation                     ;
+----------------------------+-------------+
; Processors                 ; Number      ;
+----------------------------+-------------+
; Number detected on machine ; 12          ;
; Maximum allowed            ; 12          ;
;                            ;             ;
; Average used               ; 1.00        ;
; Maximum used               ; 12          ;
;                            ;             ;
; Usage by Processor         ; % Time Used ;
;     Processor 1            ; 100.0%      ;
;     Processors 2-12        ;   0.0%      ;
+----------------------------+-------------+


+-----------------------------------------------------------------------------------------------------------------------------------------+
; Analysis & Synthesis Source Files Read                                                                                                  ;
+----------------------------------+-----------------+-----------------+--------------------------------------------------------+---------+
; File Name with User-Entered Path ; Used in Netlist ; File Type       ; File Name with Absolute Path                           ; Library ;
+----------------------------------+-----------------+-----------------+--------------------------------------------------------+---------+
; init_unit.vhd                    ; yes             ; User VHDL File  ; F:/VHDL course project/Final_Project/init_unit.vhd     ;         ;
; Rx.vhd                           ; yes             ; User VHDL File  ; F:/VHDL course project/Final_Project/Rx.vhd            ;         ;
; output_buff.vhd                  ; yes             ; User VHDL File  ; F:/VHDL course project/Final_Project/output_buff.vhd   ;         ;
; mouse_control.vhd                ; yes             ; User VHDL File  ; F:/VHDL course project/Final_Project/mouse_control.vhd ;         ;
; ctrl_unit.vhd                    ; yes             ; User VHDL File  ; F:/VHDL course project/Final_Project/ctrl_unit.vhd     ;         ;
+----------------------------------+-----------------+-----------------+--------------------------------------------------------+---------+


+-------------------------------------------------------------+
; Analysis & Synthesis Resource Usage Summary                 ;
+---------------------------------------------+---------------+
; Resource                                    ; Usage         ;
+---------------------------------------------+---------------+
; Estimated Total logic elements              ; 126           ;
;                                             ;               ;
; Total combinational functions               ; 76            ;
; Logic element usage by number of LUT inputs ;               ;
;     -- 4 input functions                    ; 27            ;
;     -- 3 input functions                    ; 7             ;
;     -- <=2 input functions                  ; 42            ;
;                                             ;               ;
; Logic elements by mode                      ;               ;
;     -- normal mode                          ; 49            ;
;     -- arithmetic mode                      ; 27            ;
;                                             ;               ;
; Total registers                             ; 109           ;
;     -- Dedicated logic registers            ; 109           ;
;     -- I/O registers                        ; 0             ;
;                                             ;               ;
; I/O pins                                    ; 23            ;
;                                             ;               ;
; Embedded Multiplier 9-bit elements          ; 0             ;
;                                             ;               ;
; Maximum fan-out node                        ; clk_50M~input ;
; Maximum fan-out                             ; 109           ;
; Total fan-out                               ; 663           ;
; Average fan-out                             ; 2.85          ;
+---------------------------------------------+---------------+


+-------------------------------------------------------------------------------------------------------------------------------------------------------------------------------------------------------------------------------------+
; Analysis & Synthesis Resource Utilization by Entity                                                                                                                                                                                 ;
+--------------------------------+---------------------+---------------------------+-------------+--------------+---------+-----------+------+--------------+------------------------------------------+---------------+--------------+
; Compilation Hierarchy Node     ; Combinational ALUTs ; Dedicated Logic Registers ; Memory Bits ; DSP Elements ; DSP 9x9 ; DSP 18x18 ; Pins ; Virtual Pins ; Full Hierarchy Name                      ; Entity Name   ; Library Name ;
+--------------------------------+---------------------+---------------------------+-------------+--------------+---------+-----------+------+--------------+------------------------------------------+---------------+--------------+
; |mouse_control                 ; 76 (0)              ; 109 (0)                   ; 0           ; 0            ; 0       ; 0         ; 23   ; 0            ; |mouse_control                           ; mouse_control ; work         ;
;    |Rx:Reciever|               ; 42 (42)             ; 42 (42)                   ; 0           ; 0            ; 0       ; 0         ; 0    ; 0            ; |mouse_control|Rx:Reciever               ; Rx            ; work         ;
;    |ctrl_unit:Control_Unit|    ; 6 (6)               ; 7 (7)                     ; 0           ; 0            ; 0       ; 0         ; 0    ; 0            ; |mouse_control|ctrl_unit:Control_Unit    ; ctrl_unit     ; work         ;
;    |init_unit:Mouse_Init_Unit| ; 23 (23)             ; 27 (27)                   ; 0           ; 0            ; 0       ; 0         ; 0    ; 0            ; |mouse_control|init_unit:Mouse_Init_Unit ; init_unit     ; work         ;
;    |output_buff:Output_Buffer| ; 5 (5)               ; 33 (33)                   ; 0           ; 0            ; 0       ; 0         ; 0    ; 0            ; |mouse_control|output_buff:Output_Buffer ; output_buff   ; work         ;
+--------------------------------+---------------------+---------------------------+-------------+--------------+---------+-----------+------+--------------+------------------------------------------+---------------+--------------+
Note: For table entries with two numbers listed, the numbers in parentheses indicate the number of resources of the given type used by the specific entity alone. The numbers listed outside of parentheses indicate the total resources of the given type used by the specific entity and all of its sub-entities in the hierarchy.


Encoding Type:  One-Hot
+---------------------------------------------------------------+
; State Machine - |mouse_control|ctrl_unit:Control_Unit|pres_s  ;
+-------------+-----------+-----------+-----------+-------------+
; Name        ; pres_s.w3 ; pres_s.w2 ; pres_s.w1 ; pres_s.init ;
+-------------+-----------+-----------+-----------+-------------+
; pres_s.init ; 0         ; 0         ; 0         ; 0           ;
; pres_s.w1   ; 0         ; 0         ; 1         ; 1           ;
; pres_s.w2   ; 0         ; 1         ; 0         ; 1           ;
; pres_s.w3   ; 1         ; 0         ; 0         ; 1           ;
+-------------+-----------+-----------+-----------+-------------+


+----------------------------------------------------------------------------------------+
; Registers Removed During Synthesis                                                     ;
+-----------------------------------------+----------------------------------------------+
; Register name                           ; Reason for Removal                           ;
+-----------------------------------------+----------------------------------------------+
; init_unit:Mouse_Init_Unit|init_code[11] ; Stuck at GND due to stuck port data_in       ;
; ctrl_unit:Control_Unit|w_sel[1]         ; Merged with ctrl_unit:Control_Unit|pres_s.w1 ;
; Total Number of Removed Registers = 2   ;                                              ;
+-----------------------------------------+----------------------------------------------+


+------------------------------------------------------+
; General Register Statistics                          ;
+----------------------------------------------+-------+
; Statistic                                    ; Value ;
+----------------------------------------------+-------+
; Total registers                              ; 109   ;
; Number of registers using Synchronous Clear  ; 29    ;
; Number of registers using Synchronous Load   ; 0     ;
; Number of registers using Asynchronous Clear ; 109   ;
; Number of registers using Asynchronous Load  ; 0     ;
; Number of registers using Clock Enable       ; 55    ;
; Number of registers using Preset             ; 0     ;
+----------------------------------------------+-------+


+---------------------------------------------------+
; Inverted Register Statistics                      ;
+-----------------------------------------+---------+
; Inverted Register                       ; Fan out ;
+-----------------------------------------+---------+
; Rx:Reciever|data_reg[11]                ; 3       ;
; init_unit:Mouse_Init_Unit|init_code[10] ; 2       ;
; init_unit:Mouse_Init_Unit|init_code[8]  ; 2       ;
; init_unit:Mouse_Init_Unit|init_code[7]  ; 2       ;
; init_unit:Mouse_Init_Unit|init_code[6]  ; 2       ;
; init_unit:Mouse_Init_Unit|init_code[5]  ; 2       ;
; init_unit:Mouse_Init_Unit|init_code[3]  ; 2       ;
; init_unit:Mouse_Init_Unit|init_code[2]  ; 2       ;
; Rx:Reciever|sync3                       ; 3       ;
; Rx:Reciever|sync2                       ; 4       ;
; ctrl_unit:Control_Unit|Rx_rst           ; 14      ;
; Rx:Reciever|sync1                       ; 1       ;
; Total number of inverted registers = 12 ;         ;
+-----------------------------------------+---------+


+------------------------------------------------------------------------------------------------------------------------------------------------------+
; Multiplexer Restructuring Statistics (Restructuring Performed)                                                                                       ;
+--------------------+-----------+---------------+----------------------+------------------------+------------+----------------------------------------+
; Multiplexer Inputs ; Bus Width ; Baseline Area ; Area if Restructured ; Saving if Restructured ; Registered ; Example Multiplexer Output             ;
+--------------------+-----------+---------------+----------------------+------------------------+------------+----------------------------------------+
; 3:1                ; 12 bits   ; 24 LEs        ; 12 LEs               ; 12 LEs                 ; Yes        ; |mouse_control|Rx:Reciever|data_reg[2] ;
+--------------------+-----------+---------------+----------------------+------------------------+------------+----------------------------------------+


+-----------------------------------------------------+
; Post-Synthesis Netlist Statistics for Top Partition ;
+-----------------------+-----------------------------+
; Type                  ; Count                       ;
+-----------------------+-----------------------------+
; boundary_port         ; 23                          ;
; cycloneiii_ff         ; 109                         ;
;     CLR               ; 25                          ;
;     CLR SCLR          ; 29                          ;
;     ENA CLR           ; 55                          ;
; cycloneiii_io_obuf    ; 2                           ;
; cycloneiii_lcell_comb ; 76                          ;
;     arith             ; 27                          ;
;         2 data inputs ; 26                          ;
;         3 data inputs ; 1                           ;
;     normal            ; 49                          ;
;         1 data inputs ; 8                           ;
;         2 data inputs ; 8                           ;
;         3 data inputs ; 6                           ;
;         4 data inputs ; 27                          ;
;                       ;                             ;
; Max LUT depth         ; 5.50                        ;
; Average LUT depth     ; 2.17                        ;
+-----------------------+-----------------------------+


+-------------------------------+
; Elapsed Time Per Partition    ;
+----------------+--------------+
; Partition Name ; Elapsed Time ;
+----------------+--------------+
; Top            ; 00:00:00     ;
+----------------+--------------+


+-------------------------------+
; Analysis & Synthesis Messages ;
+-------------------------------+
Info: *******************************************************************
Info: Running Quartus Prime Analysis & Synthesis
    Info: Version 20.1.1 Build 720 11/11/2020 SJ Lite Edition
    Info: Processing started: Thu Jan 18 11:00:08 2024
Info: Command: quartus_map --read_settings_files=on --write_settings_files=off VHDL_final_project -c VHDL_Final_Project
Info (20032): Parallel compilation is enabled and will use up to 12 processors
Info (12021): Found 2 design units, including 1 entities, in source file mouse_control_tb.vhd
    Info (12022): Found design unit 1: mouse_control_tb-arc_mouse_control_tb File: F:/VHDL course project/Final_Project/mouse_control_tb.vhd Line: 7
    Info (12023): Found entity 1: mouse_control_tb File: F:/VHDL course project/Final_Project/mouse_control_tb.vhd Line: 4
Info (12021): Found 2 design units, including 1 entities, in source file init_unit.vhd
    Info (12022): Found design unit 1: init_unit-arc_init_unit File: F:/VHDL course project/Final_Project/init_unit.vhd Line: 16
    Info (12023): Found entity 1: init_unit File: F:/VHDL course project/Final_Project/init_unit.vhd Line: 7
Info (12021): Found 2 design units, including 1 entities, in source file rx.vhd
    Info (12022): Found design unit 1: Rx-arc_Rx File: F:/VHDL course project/Final_Project/Rx.vhd Line: 18
    Info (12023): Found entity 1: Rx File: F:/VHDL course project/Final_Project/Rx.vhd Line: 6
Info (12021): Found 2 design units, including 1 entities, in source file output_buff.vhd
    Info (12022): Found design unit 1: output_buff-arc_output_buff File: F:/VHDL course project/Final_Project/output_buff.vhd Line: 15
    Info (12023): Found entity 1: output_buff File: F:/VHDL course project/Final_Project/output_buff.vhd Line: 4
Info (12021): Found 2 design units, including 1 entities, in source file mouse_control.vhd
    Info (12022): Found design unit 1: mouse_control-arc_mouse_control File: F:/VHDL course project/Final_Project/mouse_control.vhd Line: 15
    Info (12023): Found entity 1: mouse_control File: F:/VHDL course project/Final_Project/mouse_control.vhd Line: 4
Info (12021): Found 2 design units, including 1 entities, in source file ctrl_unit.vhd
    Info (12022): Found design unit 1: ctrl_unit-arc_ctrl_unit File: F:/VHDL course project/Final_Project/ctrl_unit.vhd Line: 15
    Info (12023): Found entity 1: ctrl_unit File: F:/VHDL course project/Final_Project/ctrl_unit.vhd Line: 5
Info (12127): Elaborating entity "mouse_control" for the top level hierarchy
Info (12128): Elaborating entity "ctrl_unit" for hierarchy "ctrl_unit:Control_Unit" File: F:/VHDL course project/Final_Project/mouse_control.vhd Line: 31
Info (12128): Elaborating entity "Rx" for hierarchy "Rx:Reciever" File: F:/VHDL course project/Final_Project/mouse_control.vhd Line: 41
Info (12128): Elaborating entity "output_buff" for hierarchy "output_buff:Output_Buffer" File: F:/VHDL course project/Final_Project/mouse_control.vhd Line: 52
Info (12128): Elaborating entity "init_unit" for hierarchy "init_unit:Mouse_Init_Unit" File: F:/VHDL course project/Final_Project/mouse_control.vhd Line: 63
Info (13000): Registers with preset signals will power-up high File: F:/VHDL course project/Final_Project/Rx.vhd Line: 49
Info (13003): DEV_CLRn pin will set, and not reset, register with preset signal due to NOT Gate Push-Back
Info (286030): Timing-Driven Synthesis is running
Info (144001): Generated suppressed messages file F:/VHDL course project/Final_Project/output_files/VHDL_Final_Project.map.smsg
Info (16010): Generating hard_block partition "hard_block:auto_generated_inst"
    Info (16011): Adding 0 node(s), including 0 DDIO, 0 PLL, 0 transceiver and 0 LCELL
Info (21057): Implemented 151 device resources after synthesis - the final resource count might be different
    Info (21058): Implemented 2 input pins
    Info (21059): Implemented 19 output pins
    Info (21060): Implemented 2 bidirectional pins
    Info (21061): Implemented 128 logic cells
Info: Quartus Prime Analysis & Synthesis was successful. 0 errors, 0 warnings
    Info: Peak virtual memory: 4836 megabytes
    Info: Processing ended: Thu Jan 18 11:00:15 2024
    Info: Elapsed time: 00:00:07
    Info: Total CPU time (on all processors): 00:00:06


+------------------------------------------+
; Analysis & Synthesis Suppressed Messages ;
+------------------------------------------+
The suppressed messages can be found in F:/VHDL course project/Final_Project/output_files/VHDL_Final_Project.map.smsg.


